<?xml version="1.0" encoding="UTF-8" ?>
<testsuite tests="60" failures="0" name="TestSuite" time="3.001" errors="0" skipped="0">
  <properties>
[...]
</properties>
  <testcase classname="com.music.maven.DataDrivenInvoke1" name="f" time="0.027"/>
  <testcase classname="com.music.maven.DataDrivenInvoke1" name="f" time="0.001"/>
  <testcase classname="com.music.maven.DataDrivenInvoke1" name="f" time="0.001"/>
  <testcase classname="com.music.maven.DataDrivenInvoke1" name="f" time="0.001"/>
  <testcase classname="com.music.maven.DataDrivenInvoke1" name="f" time="0"/>
  <testcase classname="com.music.maven.DataDrivenInvoke1" name="f" time="0.001"/>
  <testcase classname="com.music.maven.DataDrivenInvoke1" name="f" time="0"/>
  <testcase classname="com.music.maven.DataDrivenInvoke1" name="f" time="0"/>
  <testcase classname="com.music.maven.DataDrivenInvoke1" name="f" time="0"/>
  <testcase classname="com.music.maven.DataDrivenInvoke1" name="f" time="0.001"/>
  <testcase classname="com.music.maven.DataDrivenInvoke1" name="f" time="0"/>
  <testcase classname="com.music.maven.DataDrivenInvoke1" name="f" time="0"/>
  <testcase classname="com.music.maven.DataDrivenInvoke1" name="f" time="0.001"/>
  <testcase classname="com.music.maven.DataDrivenInvoke1" name="f" time="0"/>
  <testcase classname="com.music.maven.DataDrivenInvoke1" name="f" time="0"/>
  <testcase classname="com.music.maven.DataDrivenInvoke1" name="f" time="0.001"/>
  <testcase classname="com.music.maven.DataDrivenInvoke1" name="f" time="0"/>
  <testcase classname="com.music.maven.DataDrivenInvoke1" name="f" time="0.002"/>
  <testcase classname="com.music.maven.DataDrivenInvoke1" name="f" time="0"/>
  <testcase classname="com.music.maven.DataDrivenInvoke1" name="f" time="0"/>
  <testcase classname="com.music.maven.DataDrivenInvoke1" name="f" time="0"/>
  <testcase classname="com.music.maven.DataDrivenInvoke1" name="f" time="0"/>
  <testcase classname="com.music.maven.DataDrivenInvoke1" name="f" time="0"/>
  <testcase classname="com.music.maven.DataDrivenInvoke1" name="f" time="0.001"/>
  <testcase classname="com.music.maven.DataDrivenInvoke1" name="f" time="0"/>
  <testcase classname="com.music.maven.DataDrivenInvoke1" name="f" time="0.001"/>
  <testcase classname="com.music.maven.DataDrivenInvoke1" name="f" time="0"/>
  <testcase classname="com.music.maven.DataDrivenInvoke1" name="f" time="0"/>
  <testcase classname="com.music.maven.DataDrivenInvoke1" name="f" time="0.001"/>
  <testcase classname="com.music.maven.DataDrivenInvoke1" name="f" time="0"/>
  <testcase classname="com.music.maven.DataDrivenInvoke1" name="f" time="0"/>
  <testcase classname="com.music.maven.DataDrivenInvoke1" name="f" time="0.001"/>
  <testcase classname="com.music.maven.DataDrivenInvoke1" name="f" time="0"/>
  <testcase classname="com.music.maven.DataDrivenInvoke1" name="f" time="0.001"/>
  <testcase classname="com.music.maven.DataDrivenInvoke1" name="f" time="0"/>
  <testcase classname="com.music.maven.DataDrivenInvoke1" name="f" time="0"/>
  <testcase classname="com.music.maven.DataDrivenInvoke1" name="f" time="0.001"/>
  <testcase classname="com.music.maven.DataDrivenInvoke1" name="f" time="0"/>
  <testcase classname="com.music.maven.DataDrivenInvoke1" name="f" time="0"/>
  <testcase classname="com.music.maven.DataDrivenInvoke1" name="f" time="0"/>
  <testcase classname="com.music.maven.DataDrivenInvoke1" name="f" time="0"/>
  <testcase classname="com.music.maven.DataDrivenInvoke1" name="f" time="0.001"/>
  <testcase classname="com.music.maven.DataDrivenInvoke1" name="f" time="0"/>
  <testcase classname="com.music.maven.DataDrivenInvoke1" name="f" time="0.001"/>
  <testcase classname="com.music.maven.DataDrivenInvoke1" name="f" time="0"/>
  <testcase classname="com.music.maven.DataDrivenInvoke1" name="f" time="0"/>
  <testcase classname="com.music.maven.DataDrivenInvoke1" name="f" time="0"/>
  <testcase classname="com.music.maven.DataDrivenInvoke1" name="f" time="0.001"/>
  <testcase classname="com.music.maven.DataDrivenInvoke1" name="f" time="0.001"/>
  <testcase classname="com.music.maven.DataDrivenInvoke1" name="f" time="0"/>
  <testcase classname="com.music.maven.DataDrivenInvoke1" name="f" time="0"/>
  <testcase classname="com.music.maven.DataDrivenInvoke1" name="f" time="0"/>
  <testcase classname="com.music.maven.DataDrivenInvoke1" name="f" time="0"/>
  <testcase classname="com.music.maven.DataDrivenInvoke1" name="f" time="0.001"/>
  <testcase classname="com.music.maven.DataDrivenInvoke1" name="f" time="0.001"/>
  <testcase classname="com.music.maven.DataDrivenInvoke1" name="f" time="0"/>
  <testcase classname="com.music.maven.DataDrivenInvoke1" name="f" time="0"/>
  <testcase classname="com.music.maven.DataDrivenInvoke1" name="f" time="0.001"/>
  <testcase classname="com.music.maven.DataDrivenInvoke1" name="f" time="0.001"/>
  <testcase classname="com.music.maven.DataDrivenInvoke1" name="f" time="0"/>
</testsuite>